\BOOKMARK [0][-]{chapter.1}{Prologue}{}% 1
\BOOKMARK [0][-]{chapter.2}{Interests\040in\040Epistemology}{}% 2
\BOOKMARK [1][-]{section.2.1}{Red\040or\040Blue?}{chapter.2}% 3
\BOOKMARK [1][-]{section.2.2}{Four\040Families}{chapter.2}% 4
\BOOKMARK [1][-]{section.2.3}{Against\040Orthodoxy}{chapter.2}% 5
\BOOKMARK [1][-]{section.2.4}{Odds\040and\040Stakes}{chapter.2}% 6
\BOOKMARK [1][-]{section.2.5}{Theoretical\040Interests\040Matter}{chapter.2}% 7
\BOOKMARK [1][-]{section.2.6}{Global\040Interest\040Relativity}{chapter.2}% 8
\BOOKMARK [1][-]{section.2.7}{Neutrality}{chapter.2}% 9
\BOOKMARK [0][-]{chapter.3}{Belief}{}% 10
\BOOKMARK [1][-]{section.3.1}{Beliefs\040and\040Interests}{chapter.3}% 11
\BOOKMARK [1][-]{section.3.2}{Maps\040and\040Legends}{chapter.3}% 12
\BOOKMARK [1][-]{section.3.3}{Taking\040As\040Given}{chapter.3}% 13
\BOOKMARK [1][-]{section.3.4}{Blocking\040Belief}{chapter.3}% 14
\BOOKMARK [1][-]{section.3.5}{Questions\040and\040Conditional\040Questions}{chapter.3}% 15
\BOOKMARK [1][-]{section.3.6}{A\040Million\040Dead\040End\040Streets}{chapter.3}% 16
\BOOKMARK [1][-]{section.3.7}{Nearby\040Views}{chapter.3}% 17
\BOOKMARK [1][-]{section.3.8}{Weak\040Belief}{chapter.3}% 18
\BOOKMARK [1][-]{section.3.9}{Belief\040as\040Probability\040One}{chapter.3}% 19
\BOOKMARK [0][-]{chapter.4}{Knowledge}{}% 20
\BOOKMARK [1][-]{section.4.1}{Knowledge\040and\040Practical\040Interests}{chapter.4}% 21
\BOOKMARK [1][-]{section.4.2}{Theoretical\040Knowledge}{chapter.4}% 22
\BOOKMARK [1][-]{section.4.3}{Knowledge\040and\040Closure}{chapter.4}% 23
\BOOKMARK [1][-]{section.4.4}{Leftovers}{chapter.4}% 24
\BOOKMARK [0][-]{chapter.5}{Evidence}{}% 25
\BOOKMARK [1][-]{section.5.1}{A\040Puzzle\040About\040Evidence}{chapter.5}% 26
\BOOKMARK [1][-]{section.5.2}{A\040Simple,\040but\040Incomplete,\040Solution}{chapter.5}% 27
\BOOKMARK [1][-]{section.5.3}{The\040Radical\040Interpreter}{chapter.5}% 28
\BOOKMARK [1][-]{section.5.4}{Motivating\040Risk-Dominant\040Equilibria}{chapter.5}% 29
\BOOKMARK [1][-]{section.5.5}{Objections\040and\040Replies}{chapter.5}% 30
\BOOKMARK [1][-]{section.5.6}{Evidence,\040Knowledge\040and\040Cut-Elimination}{chapter.5}% 31
\BOOKMARK [1][-]{section.5.7}{Basic\040Knowledge\040and\040Non-Inferential\040Knowledge}{chapter.5}% 32
\BOOKMARK [1][-]{section.5.8}{Epistemic\040Weakness}{chapter.5}% 33
\BOOKMARK [1][-]{section.5.9}{Holism\040and\040Defeaters}{chapter.5}% 34
\BOOKMARK [0][-]{chapter.6}{Rational\040Belief}{}% 35
\BOOKMARK [1][-]{section.6.1}{Atomism\040about\040Rational\040Belief}{chapter.6}% 36
\BOOKMARK [1][-]{section.6.2}{Coin\040Puzzles}{chapter.6}% 37
\BOOKMARK [1][-]{section.6.3}{Playing\040Games}{chapter.6}% 38
\BOOKMARK [1][-]{section.6.4}{Puzzles\040for\040Lockeans}{chapter.6}% 39
\BOOKMARK [1][-]{section.6.5}{Solving\040the\040Challenges}{chapter.6}% 40
\BOOKMARK [0][-]{chapter.7}{Hard\040Choices}{}% 41
\BOOKMARK [1][-]{section.7.1}{An\040Example}{chapter.7}% 42
\BOOKMARK [1][-]{section.7.2}{Responding\040to\040the\040Challenge,\040Quickly}{chapter.7}% 43
\BOOKMARK [1][-]{section.7.3}{Back\040to\040Earth}{chapter.7}% 44
\BOOKMARK [1][-]{section.7.4}{I\040Have\040Questions}{chapter.7}% 45
\BOOKMARK [1][-]{section.7.5}{You'll\040Never\040Be\040Satisfied\040\(If\040You\040Try\040to\040Maximise\)}{chapter.7}% 46
\BOOKMARK [1][-]{section.7.6}{Ignorance\040is\040Bliss}{chapter.7}% 47
\BOOKMARK [1][-]{section.7.7}{What\040does\040the\040Maximiser\040Know\040about\040Choosing?}{chapter.7}% 48
\BOOKMARK [0][-]{chapter.8}{Stakes}{}% 49
\BOOKMARK [0][-]{chapter.9}{Facing\040the\040Changes}{}% 50
\BOOKMARK [0][-]{chapter.10}{The\040Preface\040Paradox}{}% 51
\BOOKMARK [1][-]{section.10.1}{Solving\040the\040Paradox}{chapter.10}% 52
\BOOKMARK [1][-]{section.10.2}{Too\040Little\040Closure?}{chapter.10}% 53
\BOOKMARK [0][-]{chapter.11}{Conclusion}{}% 54
