\BOOKMARK [0][-]{chapter.1}{Credences and Beliefs, Beliefs and Actions}{}
\BOOKMARK [1][-]{section.1.1}{Introduction}{chapter.1}
\BOOKMARK [1][-]{section.1.2}{Assumptions}{chapter.1}
\BOOKMARK [1][-]{section.1.3}{Functions of Credences and Beliefs}{chapter.1}
\BOOKMARK [1][-]{section.1.4}{The Interest-Relativity of Belief}{chapter.1}
\BOOKMARK [1][-]{section.1.5}{Two Caveats}{chapter.1}
\BOOKMARK [1][-]{section.1.6}{Summing Up}{chapter.1}
\BOOKMARK [0][-]{chapter.2}{Defending the Interest-Relative Theory of Belief}{}
\BOOKMARK [1][-]{section.2.1}{Sturgeon's Challenge}{chapter.2}
\BOOKMARK [1][-]{section.2.2}{Thresholds, Actions and Significance}{chapter.2}
\BOOKMARK [1][-]{section.2.3}{Thresholds and Closure}{chapter.2}
\BOOKMARK [1][-]{section.2.4}{The Variable Threshold View and Closure}{chapter.2}
\BOOKMARK [1][-]{section.2.5}{Psychological Evidence that Stakes Matter to Belief}{chapter.2}
\BOOKMARK [0][-]{chapter.3}{How Interest-Relativity Affects Epistemology}{}
\BOOKMARK [1][-]{section.3.1}{Epistemology without Interest-Relativity?}{chapter.3}
\BOOKMARK [1][-]{section.3.2}{Interest-Relativity and Evidence}{chapter.3}
\BOOKMARK [1][-]{section.3.3}{Interest-Relativity and Knowledge}{chapter.3}
\BOOKMARK [0][-]{chapter.4}{Against the Threshold View of Belief}{}
\BOOKMARK [0][-]{chapter.5}{Fantl and McGrath}{}
\BOOKMARK [1][-]{section.5.1}{Fantl and McGrath on Interest-Relativity}{chapter.5}
\BOOKMARK [1][-]{section.5.2}{Fantl and McGrath's Argument that Not Only Belief is Interest-Relative}{chapter.5}
\BOOKMARK [1][-]{section.5.3}{Objections and Replies}{chapter.5}
\BOOKMARK [0][-]{chapter.6}{Hawthorne and Stanley}{}
\BOOKMARK [0][-]{chapter.7}{Objections to Interest Relativity}{}
\BOOKMARK [1][-]{section.7.1}{Temporal Embeddings}{chapter.7}
\BOOKMARK [1][-]{section.7.2}{Conjunctions}{chapter.7}
\BOOKMARK [1][-]{section.7.3}{Knowledge by Indifference and by Wealth}{chapter.7}
\BOOKMARK [1][-]{section.7.4}{Stakes and Odds}{chapter.7}
\BOOKMARK [1][-]{section.7.5}{Neta}{chapter.7}
\BOOKMARK [1][-]{section.7.6}{DeRose}{chapter.7}
\BOOKMARK [0][-]{chapter.8}{Contextualist and Relativist Alternatives}{}
\BOOKMARK [1][-]{section.8.1}{Contextualism and Questions}{chapter.8}
\BOOKMARK [1][-]{section.8.2}{Stanley and Blome-Tillman on Modal Embeddings}{chapter.8}
\BOOKMARK [1][-]{section.8.3}{Motivations for Relativism}{chapter.8}
\BOOKMARK [0][-]{section.8.3}{Bibliography}{}
